[18Dec2024 00:00:01.851] [Server thread/INFO] [net.minecraft.server.MinecraftServer/]: jonathan1122 has made the advancement [Monster Hunter]
[18Dec2024 00:02:12.555] [Server thread/INFO] [net.minecraft.server.players.PlayerList/]: Mascoli[/127.191.43.122:35221] logged in with entity id 50731 at (-521.6999999880791, 60.0, 39.43552136147031)
[18Dec2024 00:02:12.560] [Server thread/INFO] [net.minecraft.server.MinecraftServer/]: Mascoli joined the game
[18Dec2024 00:02:12.573] [Server thread/INFO] [Jade/]: Syncing config to Mascoli (3074805c-454a-3bf2-ab94-3c7ca5bad21e)
[18Dec2024 00:02:41.227] [Server thread/INFO] [net.minecraft.server.players.PlayerList/]: titu[/127.79.122.95:53573] logged in with entity id 51435 at (1388.8809962478979, 32.0, -379.936288354868)
[18Dec2024 00:02:41.233] [Server thread/INFO] [net.minecraft.server.MinecraftServer/]: titu joined the game
[18Dec2024 00:02:41.249] [Server thread/INFO] [Jade/]: Syncing config to titu (1771bea9-3264-3ddb-ba12-2d974f6a0520)
[18Dec2024 00:03:05.009] [Server thread/INFO] [net.minecraft.server.MinecraftServer/]: Mascoli has made the advancement [Monster Hunter]
[18Dec2024 00:04:05.320] [Worker-Main-1/WARN] [net.minecraft.world.level.levelgen.structure.pools.JigsawPlacement/]: Empty or non-existent pool: minecraft:
[18Dec2024 00:04:05.324] [Worker-Main-1/WARN] [net.minecraft.world.level.levelgen.structure.pools.JigsawPlacement/]: Empty or non-existent pool: minecraft:
[18Dec2024 00:04:07.996] [Server thread/INFO] [net.minecraft.server.MinecraftServer/]: Mascoli has made the advancement [Chest Slayer]
[18Dec2024 00:04:08.533] [Server thread/INFO] [net.minecraft.server.MinecraftServer/]: Mascoli has made the advancement [Amateur Archaeologist]
[18Dec2024 00:04:30.701] [Server thread/INFO] [net.minecraft.server.MinecraftServer/]: jonathan1122 has made the advancement [Blade Arts -Aerial Rave B-       ]
[18Dec2024 00:05:23.302] [Server thread/INFO] [net.minecraft.server.MinecraftServer/]: Mascoli has made the advancement [Stone Age]
[18Dec2024 00:06:09.585] [Server thread/INFO] [net.minecraft.server.MinecraftServer/]: Mascoli has made the advancement [Getting an Upgrade]
[18Dec2024 00:07:08.432] [Worker-Main-3/WARN] [net.minecraft.world.level.levelgen.structure.pools.JigsawPlacement/]: Empty or non-existent pool: minecraft:
[18Dec2024 00:07:08.433] [Worker-Main-3/WARN] [net.minecraft.world.level.levelgen.structure.pools.JigsawPlacement/]: Empty or non-existent pool: minecraft:
[18Dec2024 00:08:57.783] [Server thread/INFO] [net.minecraft.server.MinecraftServer/]: jonathan1122 has made the advancement [Bigger is better]
[18Dec2024 00:09:44.030] [Server thread/INFO] [net.minecraft.server.MinecraftServer/]: Mascoli has made the advancement [Acquire Hardware]
[18Dec2024 00:10:27.806] [Server thread/INFO] [net.minecraft.server.MinecraftServer/]: Mascoli has made the advancement [Isn't It Iron Pick]
[18Dec2024 00:12:07.670] [Server thread/INFO] [net.minecraft.server.MinecraftServer/]: Mascoli has made the advancement [False Water]
[18Dec2024 00:12:45.688] [Server thread/INFO] [net.minecraft.server.MinecraftServer/]: jonathan1122 has made the advancement [Acquire Hardware]
[18Dec2024 00:12:47.814] [Server thread/INFO] [net.minecraft.server.network.ServerGamePacketListenerImpl/]: 9zcoloskibidi lost connection: Disconnected
[18Dec2024 00:12:47.815] [Server thread/INFO] [net.minecraft.server.MinecraftServer/]: 9zcoloskibidi left the game
[18Dec2024 00:12:51.974] [Server thread/INFO] [net.minecraft.server.MinecraftServer/]: Mascoli has made the advancement [Suit Up]
[18Dec2024 00:13:09.552] [Server thread/INFO] [net.minecraft.server.MinecraftServer/]: jonathan1122 has made the advancement [Isn't It Iron Pick]
[18Dec2024 00:13:12.248] [Server thread/INFO] [net.minecraft.server.MinecraftServer/]: jonathan1122 has made the advancement [False Water]
[18Dec2024 00:13:19.857] [Server thread/INFO] [net.minecraft.server.players.PlayerList/]: ElTata_[/127.84.218.170:60525] logged in with entity id 68793 at (-33.5, 66.0, -50.5)
[18Dec2024 00:13:19.861] [Server thread/INFO] [net.minecraft.server.MinecraftServer/]: ElTata_ joined the game
[18Dec2024 00:13:19.899] [Server thread/INFO] [Jade/]: Syncing config to ElTata_ (596de23a-5665-3bed-874d-497170c43242)
[18Dec2024 00:14:21.917] [Worker-Main-10/WARN] [net.minecraft.world.level.levelgen.structure.pools.JigsawPlacement/]: Empty or non-existent pool: minecraft:
[18Dec2024 00:14:21.918] [Worker-Main-10/WARN] [net.minecraft.world.level.levelgen.structure.pools.JigsawPlacement/]: Empty or non-existent pool: minecraft:
[18Dec2024 00:15:46.608] [Server thread/INFO] [net.minecraft.server.MinecraftServer/]: ElTata_ has made the advancement [Blade MoveSets]
[18Dec2024 00:17:49.308] [Server thread/INFO] [net.minecraft.server.MinecraftServer/]: ElTata_ has made the advancement [Proud Soul]
[18Dec2024 00:17:53.605] [Server thread/INFO] [net.minecraft.server.MinecraftServer/]: Mascoli has made the advancement [Not Today, Thank You]
[18Dec2024 00:19:20.470] [Netty Epoll Server IO #0/ERROR] [net.minecraftforge.network.NetworkRegistry/NETREGISTRY]: Channels [framework:play,packedup:main,domum_ornamentum:net-channel,curios:main,cataclysm:main_channel,framework:handshake,lionfishapi:main_channel,structurize:net-channel,forge:tier_sorting,rustic_engineer:rustic_engineer,supermartijn642configlib:sync_configs,mowziesmobs:net,caelus:main,multipiston:net-channel,warriorsofpastepoch:warriorsofpastepoch,slashblade:main,twilightforest:channel,geckolib:main,kleiders_custom_renderer:kleiders_custom_renderer,waystones:network] rejected vanilla connections
[18Dec2024 00:19:20.471] [Netty Epoll Server IO #0/INFO] [net.minecraftforge.server.ServerLifecycleHooks/SERVERHOOKS]: [/127.213.240.60:58919] Disconnecting VANILLA connection attempt: This server has mods that require Forge to be installed on the client. Contact your server admin for more details.
[18Dec2024 00:19:29.753] [Netty Epoll Server IO #2/ERROR] [net.minecraftforge.network.NetworkRegistry/NETREGISTRY]: Channels [framework:play,packedup:main,domum_ornamentum:net-channel,curios:main,cataclysm:main_channel,framework:handshake,lionfishapi:main_channel,structurize:net-channel,forge:tier_sorting,rustic_engineer:rustic_engineer,supermartijn642configlib:sync_configs,mowziesmobs:net,caelus:main,multipiston:net-channel,warriorsofpastepoch:warriorsofpastepoch,slashblade:main,twilightforest:channel,geckolib:main,kleiders_custom_renderer:kleiders_custom_renderer,waystones:network] rejected vanilla connections
[18Dec2024 00:19:29.754] [Netty Epoll Server IO #2/INFO] [net.minecraftforge.server.ServerLifecycleHooks/SERVERHOOKS]: [/127.213.240.60:32845] Disconnecting VANILLA connection attempt: This server has mods that require Forge to be installed on the client. Contact your server admin for more details.
[18Dec2024 00:20:46.963] [Netty Epoll Server IO #3/ERROR] [net.minecraftforge.network.NetworkRegistry/NETREGISTRY]: Channels [framework:play,packedup:main,domum_ornamentum:net-channel,curios:main,cataclysm:main_channel,framework:handshake,lionfishapi:main_channel,structurize:net-channel,forge:tier_sorting,rustic_engineer:rustic_engineer,supermartijn642configlib:sync_configs,mowziesmobs:net,caelus:main,multipiston:net-channel,warriorsofpastepoch:warriorsofpastepoch,slashblade:main,twilightforest:channel,geckolib:main,kleiders_custom_renderer:kleiders_custom_renderer,waystones:network] rejected vanilla connections
[18Dec2024 00:20:46.964] [Netty Epoll Server IO #3/INFO] [net.minecraftforge.server.ServerLifecycleHooks/SERVERHOOKS]: [/127.213.240.60:54851] Disconnecting VANILLA connection attempt: This server has mods that require Forge to be installed on the client. Contact your server admin for more details.
[18Dec2024 00:20:59.455] [Server thread/INFO] [net.minecraft.server.MinecraftServer/]: titu was mauled by Necromancer's undead
[18Dec2024 00:21:19.735] [Server thread/INFO] [net.minecraft.server.MinecraftServer/]: ElTata_ has made the advancement [Tiny Proud Soul]
[18Dec2024 00:21:19.737] [Server thread/INFO] [net.minecraft.server.MinecraftServer/]: ElTata_ has made the advancement [Slash Blade]
[18Dec2024 00:21:52.514] [Server thread/INFO] [net.minecraft.server.players.PlayerList/]: 9zcoloskibidi[/127.213.240.60:55739] logged in with entity id 76253 at (4123.376884447032, 62.07326432466507, 148.77588781204872)
[18Dec2024 00:21:52.519] [Server thread/INFO] [net.minecraft.server.MinecraftServer/]: 9zcoloskibidi joined the game
[18Dec2024 00:21:53.191] [Server thread/INFO] [Jade/]: Syncing config to 9zcoloskibidi (9c72afac-23ff-3bb2-8fc8-2fdde0bc9112)
[18Dec2024 00:23:00.981] [Server thread/INFO] [net.minecraft.server.MinecraftServer/]: ElTata_ has made the advancement [Stone Age]
[18Dec2024 00:23:22.066] [Server thread/INFO] [net.minecraft.server.MinecraftServer/]: ElTata_ has made the advancement [Getting an Upgrade]
[18Dec2024 00:24:03.235] [Server thread/WARN] [net.minecraft.server.MinecraftServer/]: Can't keep up! Is the server overloaded? Running 2155ms or 43 ticks behind
[18Dec2024 00:24:13.364] [Server thread/INFO] [net.minecraft.server.MinecraftServer/]: ElTata_ has made the advancement [Sweet Dreams]
[18Dec2024 00:24:24.428] [Server thread/INFO] [net.minecraft.server.MinecraftServer/]: 9zcoloskibidi has made the advancement [Acquire Hardware]
[18Dec2024 00:24:49.993] [Server thread/INFO] [net.minecraft.server.MinecraftServer/]: 9zcoloskibidi has made the advancement [Monster Hunter]
[18Dec2024 00:25:06.898] [Server thread/WARN] [net.minecraft.server.MinecraftServer/]: Can't keep up! Is the server overloaded? Running 2268ms or 45 ticks behind
[18Dec2024 00:25:24.241] [Server thread/WARN] [net.minecraft.server.MinecraftServer/]: Can't keep up! Is the server overloaded? Running 2361ms or 47 ticks behind
[18Dec2024 00:25:41.553] [Server thread/WARN] [net.minecraft.server.MinecraftServer/]: Can't keep up! Is the server overloaded? Running 2323ms or 46 ticks behind
[18Dec2024 00:25:51.264] [Server thread/INFO] [net.minecraft.server.MinecraftServer/]: 9zcoloskibidi has completed the challenge [Repair Crystal]
[18Dec2024 00:25:59.357] [Server thread/WARN] [net.minecraft.server.MinecraftServer/]: Can't keep up! Is the server overloaded? Running 2827ms or 56 ticks behind
[18Dec2024 00:26:19.729] [Server thread/INFO] [net.minecraft.server.MinecraftServer/]: jonathan1122 has made the advancement [Suit Up]
[18Dec2024 00:26:22.168] [Server thread/WARN] [net.minecraft.server.MinecraftServer/]: Can't keep up! Is the server overloaded? Running 2238ms or 44 ticks behind
[18Dec2024 00:26:44.691] [Server thread/WARN] [net.minecraft.server.MinecraftServer/]: Can't keep up! Is the server overloaded? Running 2661ms or 53 ticks behind
[18Dec2024 00:27:02.765] [Server thread/WARN] [net.minecraft.server.MinecraftServer/]: Can't keep up! Is the server overloaded? Running 3085ms or 61 ticks behind
[18Dec2024 00:27:21.568] [Server thread/WARN] [net.minecraft.server.MinecraftServer/]: Can't keep up! Is the server overloaded? Running 3838ms or 76 ticks behind
[18Dec2024 00:27:39.912] [Server thread/WARN] [net.minecraft.server.MinecraftServer/]: Can't keep up! Is the server overloaded? Running 3382ms or 67 ticks behind
[18Dec2024 00:27:41.624] [Server thread/INFO] [net.minecraft.server.MinecraftServer/]: titu was shot by Skeleton
[18Dec2024 00:27:58.268] [Server thread/WARN] [net.minecraft.server.MinecraftServer/]: Can't keep up! Is the server overloaded? Running 3388ms or 67 ticks behind
[18Dec2024 00:28:51.841] [Server thread/WARN] [net.minecraft.server.MinecraftServer/]: Can't keep up! Is the server overloaded? Running 2011ms or 40 ticks behind
[18Dec2024 00:29:11.251] [Server thread/INFO] [net.minecraft.server.MinecraftServer/]: Mascoli has made the advancement [Tools of the Trade]
[18Dec2024 00:29:21.846] [Server thread/WARN] [net.minecraft.server.MinecraftServer/]: Can't keep up! Is the server overloaded? Running 2066ms or 41 ticks behind
[18Dec2024 00:29:24.685] [Worker-Main-10/WARN] [net.minecraft.world.level.levelgen.structure.pools.JigsawPlacement/]: Empty or non-existent pool: minecraft:
[18Dec2024 00:29:43.277] [Server thread/INFO] [net.minecraft.server.MinecraftServer/]: Mascoli has made the advancement [Too Many Bows]
[18Dec2024 00:29:47.793] [Server thread/WARN] [net.minecraft.server.MinecraftServer/]: Can't keep up! Is the server overloaded? Running 2313ms or 46 ticks behind
[18Dec2024 00:30:19.592] [Server thread/WARN] [net.minecraft.server.network.ServerGamePacketListenerImpl/]: Boat (vehicle of ElTata_) moved wrongly! 0.4266713732699827
[18Dec2024 00:30:19.639] [Server thread/WARN] [net.minecraft.server.network.ServerGamePacketListenerImpl/]: Boat (vehicle of ElTata_) moved wrongly! 0.7489298407977003
[18Dec2024 00:30:19.689] [Server thread/WARN] [net.minecraft.server.network.ServerGamePacketListenerImpl/]: Boat (vehicle of ElTata_) moved wrongly! 1.0706447250472593
[18Dec2024 00:30:20.717] [Server thread/WARN] [net.minecraft.server.network.ServerGamePacketListenerImpl/]: Boat (vehicle of ElTata_) moved wrongly! 0.31273342104952917
[18Dec2024 00:30:20.802] [Server thread/WARN] [net.minecraft.server.network.ServerGamePacketListenerImpl/]: Boat (vehicle of ElTata_) moved wrongly! 0.4168340282975578
[18Dec2024 00:30:20.805] [Server thread/WARN] [net.minecraft.server.network.ServerGamePacketListenerImpl/]: Boat (vehicle of ElTata_) moved wrongly! 0.5402063592335935
[18Dec2024 00:31:42.137] [Server thread/INFO] [net.minecraft.server.MinecraftServer/]: jonathan1122 has made the advancement [Diamonds!]
[18Dec2024 00:32:05.285] [Server thread/WARN] [net.minecraft.server.MinecraftServer/]: Can't keep up! Is the server overloaded? Running 2005ms or 40 ticks behind
[18Dec2024 00:32:16.553] [Server thread/WARN] [net.minecraft.server.network.ServerGamePacketListenerImpl/]: ElTata_ moved too quickly! -9.790029708400198,-0.41290928041701136,2.262625759105333
[18Dec2024 00:32:24.743] [Server thread/WARN] [net.minecraft.server.MinecraftServer/]: Can't keep up! Is the server overloaded? Running 4463ms or 89 ticks behind
[18Dec2024 00:32:36.601] [Server thread/WARN] [net.minecraft.server.network.ServerGamePacketListenerImpl/]: ElTata_ moved too quickly! -4.763152319078927,1.252203340253729,-8.83118652154019
[18Dec2024 00:32:46.326] [Server thread/INFO] [net.minecraft.server.network.ServerGamePacketListenerImpl/]: 9zcoloskibidi lost connection: Disconnected
[18Dec2024 00:32:46.327] [Server thread/INFO] [net.minecraft.server.MinecraftServer/]: 9zcoloskibidi left the game
[18Dec2024 00:32:49.517] [Server thread/WARN] [net.minecraft.server.network.ServerGamePacketListenerImpl/]: titu moved too quickly! -1.5274657176870505,-10.667067244575911,-0.9593357809565077
[18Dec2024 00:32:57.669] [Server thread/WARN] [net.minecraft.server.MinecraftServer/]: Can't keep up! Is the server overloaded? Running 17940ms or 358 ticks behind
[18Dec2024 00:33:09.254] [Server thread/INFO] [net.minecraft.server.MinecraftServer/]: ElTata_ has made the advancement [Acquire Hardware]
[18Dec2024 00:33:16.860] [Server thread/WARN] [net.minecraft.server.MinecraftServer/]: Can't keep up! Is the server overloaded? Running 4231ms or 84 ticks behind
[18Dec2024 00:33:24.348] [Server thread/INFO] [net.minecraft.server.MinecraftServer/]: jonathan1122 was caught by Archevoker's fangs
[18Dec2024 00:33:37.405] [Server thread/WARN] [net.minecraft.server.MinecraftServer/]: Can't keep up! Is the server overloaded? Running 5575ms or 111 ticks behind
[18Dec2024 00:34:31.170] [Server thread/INFO] [net.minecraft.server.MinecraftServer/]: titu was shot by Skeleton
[18Dec2024 00:36:15.299] [Server thread/INFO] [net.minecraft.server.MinecraftServer/]: Mascoli has made the advancement [Full Moon in a Pocket]
[18Dec2024 00:36:41.570] [Server thread/WARN] [net.minecraft.server.network.ServerGamePacketListenerImpl/]: Boat (vehicle of ElTata_) moved too quickly! -10.447685467058363,0.0,-2.81317367686838
[18Dec2024 00:36:41.571] [Server thread/WARN] [net.minecraft.server.network.ServerGamePacketListenerImpl/]: Boat (vehicle of ElTata_) moved too quickly! -11.669840961825685,0.0,-3.1819055292184073
[18Dec2024 00:36:41.572] [Server thread/WARN] [net.minecraft.server.network.ServerGamePacketListenerImpl/]: Boat (vehicle of ElTata_) moved too quickly! -12.903304727682553,0.0,-3.561202659984416
[18Dec2024 00:36:41.572] [Server thread/WARN] [net.minecraft.server.network.ServerGamePacketListenerImpl/]: Boat (vehicle of ElTata_) moved too quickly! -14.147987146214291,0.0,-3.9505790292280283
[18Dec2024 00:36:41.572] [Server thread/WARN] [net.minecraft.server.network.ServerGamePacketListenerImpl/]: Boat (vehicle of ElTata_) moved too quickly! -15.403796610202335,0.0,-4.349560731788473
[18Dec2024 00:36:41.573] [Server thread/WARN] [net.minecraft.server.network.ServerGamePacketListenerImpl/]: Boat (vehicle of ElTata_) moved too quickly! -16.670637920201443,0.0,-4.757689251205442
[18Dec2024 00:36:41.787] [Server thread/WARN] [net.minecraft.server.network.ServerGamePacketListenerImpl/]: Boat (vehicle of ElTata_) moved too quickly! 12.609400002361326,0.0,4.017485341421047
[18Dec2024 00:36:41.787] [Server thread/WARN] [net.minecraft.server.network.ServerGamePacketListenerImpl/]: Boat (vehicle of ElTata_) moved too quickly! 12.609400002361326,0.0,4.017485341421047
[18Dec2024 00:36:41.788] [Server thread/WARN] [net.minecraft.server.network.ServerGamePacketListenerImpl/]: Boat (vehicle of ElTata_) moved too quickly! 12.609400002361326,0.0,4.017485341421047
[18Dec2024 00:36:41.788] [Server thread/WARN] [net.minecraft.server.network.ServerGamePacketListenerImpl/]: Boat (vehicle of ElTata_) moved too quickly! 12.609400002361326,0.0,4.017485341421047
[18Dec2024 00:36:41.788] [Server thread/WARN] [net.minecraft.server.network.ServerGamePacketListenerImpl/]: Boat (vehicle of ElTata_) moved too quickly! 12.609400002361326,0.0,4.017485341421047
[18Dec2024 00:36:41.788] [Server thread/WARN] [net.minecraft.server.network.ServerGamePacketListenerImpl/]: Boat (vehicle of ElTata_) moved too quickly! 12.609400002361326,0.0,4.017485341421047
[18Dec2024 00:36:41.788] [Server thread/WARN] [net.minecraft.server.network.ServerGamePacketListenerImpl/]: Boat (vehicle of ElTata_) moved too quickly! 11.289870287633676,0.0,3.567970329651157
[18Dec2024 00:36:41.841] [Server thread/WARN] [net.minecraft.server.network.ServerGamePacketListenerImpl/]: Boat (vehicle of ElTata_) moved too quickly! 9.960851712602562,0.0,3.109763236019134
[18Dec2024 00:36:42.419] [Server thread/INFO] [net.minecraft.server.MinecraftServer/]: Mascoli was shot by Skeleton Musketeer
[18Dec2024 00:37:12.578] [Server thread/INFO] [net.minecraft.server.network.ServerGamePacketListenerImpl/]: titu lost connection: Disconnected
[18Dec2024 00:37:12.578] [Server thread/INFO] [net.minecraft.server.MinecraftServer/]: titu left the game
[18Dec2024 00:38:31.636] [Server thread/INFO] [net.minecraft.server.MinecraftServer/]: [Not Secure] <jonathan1122> musket
[18Dec2024 00:39:01.094] [Server thread/INFO] [net.minecraft.server.network.ServerGamePacketListenerImpl/]: ElTata_ lost connection: Disconnected
[18Dec2024 00:39:01.096] [Server thread/INFO] [net.minecraft.server.MinecraftServer/]: ElTata_ left the game
[18Dec2024 00:40:42.588] [Server thread/INFO] [net.minecraft.server.MinecraftServer/]: jonathan1122 went off with a bang thanks to Archevoker
[18Dec2024 00:44:05.992] [Server thread/INFO] [net.minecraft.server.MinecraftServer/]: Mascoli was shot by Skeleton
[18Dec2024 00:48:13.744] [Server thread/INFO] [net.minecraft.server.MinecraftServer/]: jonathan1122 was eviscerated by Archevoker's vexes
[18Dec2024 00:50:20.193] [Server thread/INFO] [net.minecraft.server.MinecraftServer/]: jonathan1122 has made the advancement [Magery]
[18Dec2024 00:50:38.152] [Server thread/INFO] [net.minecraft.server.players.PlayerList/]: ElTata_[/127.84.218.170:60063] logged in with entity id 109141 at (-4637.457551141464, 64.162141421027, -291.77854905661314)
[18Dec2024 00:50:38.156] [Server thread/INFO] [net.minecraft.server.MinecraftServer/]: ElTata_ joined the game
[18Dec2024 00:50:38.168] [Server thread/INFO] [Jade/]: Syncing config to ElTata_ (596de23a-5665-3bed-874d-497170c43242)
[18Dec2024 00:51:01.289] [Server thread/INFO] [net.minecraft.server.MinecraftServer/]: jonathan1122 was eviscerated by Archevoker's vexes
[18Dec2024 00:51:28.371] [Server thread/INFO] [net.minecraft.server.MinecraftServer/]: ElTata_ has made the advancement [Suit Up]
[18Dec2024 00:51:55.143] [Server thread/INFO] [net.minecraft.server.MinecraftServer/]: jonathan1122 went off with a bang thanks to Archevoker
[18Dec2024 00:52:06.753] [Server thread/INFO] [net.minecraft.server.MinecraftServer/]: ElTata_ was shot by Skeleton Musketeer
[18Dec2024 00:52:35.207] [Server thread/INFO] [net.minecraft.server.MinecraftServer/]: jonathan1122 was eviscerated by Archevoker's vexes
[18Dec2024 00:53:53.900] [Server thread/INFO] [net.minecraft.server.MinecraftServer/]: jonathan1122 has made the advancement [Not Today, Thank You]
[18Dec2024 00:53:55.900] [Server thread/INFO] [net.minecraft.server.MinecraftServer/]: jonathan1122 has made the advancement [Voluntary Exile]
[18Dec2024 00:54:11.447] [Server thread/INFO] [net.minecraft.server.MinecraftServer/]: jonathan1122 was slain by Vex
[18Dec2024 00:55:46.450] [Server thread/INFO] [net.minecraft.server.MinecraftServer/]: Mascoli has made the advancement [Diamonds!]
[18Dec2024 01:00:11.540] [Server thread/INFO] [net.minecraft.server.MinecraftServer/]: ElTata_ was slain by Iron Golem
[18Dec2024 01:00:21.398] [Server thread/INFO] [net.minecraft.server.network.ServerGamePacketListenerImpl/]: ElTata_ lost connection: Disconnected
[18Dec2024 01:00:21.399] [Server thread/INFO] [net.minecraft.server.MinecraftServer/]: ElTata_ left the game
[18Dec2024 01:03:07.794] [Server thread/INFO] [net.minecraft.server.MinecraftServer/]: jonathan1122 has made the advancement [Into Fire]
[18Dec2024 01:03:28.994] [Server thread/INFO] [net.minecraft.server.MinecraftServer/]: jonathan1122 was engulfed by Pyromancer's blazing fires
[18Dec2024 01:03:51.646] [Server thread/INFO] [net.minecraft.server.MinecraftServer/]: jonathan1122 was engulfed by Pyromancer's blazing fires
[18Dec2024 01:14:50.157] [Server thread/INFO] [net.minecraft.server.players.PlayerList/]: 9zcoloskibidi[/127.213.240.60:41493] logged in with entity id 124229 at (4865.5562401276375, -2.0, 402.16290284794167)
[18Dec2024 01:14:50.162] [Server thread/INFO] [net.minecraft.server.MinecraftServer/]: 9zcoloskibidi joined the game
[18Dec2024 01:14:50.176] [Server thread/INFO] [Jade/]: Syncing config to 9zcoloskibidi (9c72afac-23ff-3bb2-8fc8-2fdde0bc9112)
[18Dec2024 01:15:11.854] [Server thread/INFO] [net.minecraft.server.MinecraftServer/]: [Not Secure] <9zcoloskibidi> bro realmente se murio 10 veces
[18Dec2024 01:16:52.263] [Server thread/INFO] [net.minecraft.server.MinecraftServer/]: Mascoli has made the advancement [Ice Bucket Challenge]
[18Dec2024 01:17:33.104] [Server thread/INFO] [net.minecraft.server.MinecraftServer/]: 9zcoloskibidi has made the advancement [Isn't It Iron Pick]
[18Dec2024 01:17:38.049] [Server thread/INFO] [net.minecraft.server.MinecraftServer/]: 9zcoloskibidi has made the advancement [Full Moon in a Pocket]
[18Dec2024 01:21:05.619] [Server thread/INFO] [net.minecraft.server.MinecraftServer/]: [Not Secure] <jonathan1122> metete al discord gat
[18Dec2024 01:22:39.105] [Server thread/INFO] [net.minecraft.server.MinecraftServer/]: 9zcoloskibidi has made the advancement [Suit Up]
[18Dec2024 01:28:12.750] [Server thread/INFO] [net.minecraft.server.MinecraftServer/]: jonathan1122 has made the advancement [Chest Slayer]
[18Dec2024 01:28:13.654] [Server thread/INFO] [net.minecraft.server.MinecraftServer/]: jonathan1122 has made the advancement [Amateur Archaeologist]
[18Dec2024 01:30:10.041] [Server thread/INFO] [net.minecraft.server.MinecraftServer/]: jonathan1122 was slain by Zombie
[18Dec2024 01:30:29.457] [Server thread/INFO] [net.minecraft.server.players.PlayerList/]: titu[/127.79.122.95:43295] logged in with entity id 132888 at (486.2189390818274, 69.0, -144.09388072327698)
[18Dec2024 01:30:29.462] [Server thread/INFO] [net.minecraft.server.MinecraftServer/]: titu joined the game
[18Dec2024 01:30:29.470] [Server thread/INFO] [Jade/]: Syncing config to titu (1771bea9-3264-3ddb-ba12-2d974f6a0520)
[18Dec2024 01:35:01.453] [Server thread/INFO] [net.minecraft.server.MinecraftServer/]: [Not Secure] <jonathan1122> colooo habla puta
[18Dec2024 01:35:14.487] [Server thread/INFO] [net.minecraft.server.MinecraftServer/]: [Not Secure] <9zcoloskibidi> que
[18Dec2024 01:35:20.450] [Server thread/INFO] [net.minecraft.server.MinecraftServer/]: [Not Secure] <jonathan1122> por discord
[18Dec2024 01:35:23.489] [Server thread/INFO] [net.minecraft.server.MinecraftServer/]: [Not Secure] <jonathan1122> o sos mujer
[18Dec2024 01:35:25.979] [Server thread/INFO] [net.minecraft.server.MinecraftServer/]: [Not Secure] <9zcoloskibidi> me extrañas
[18Dec2024 01:35:34.558] [Server thread/INFO] [net.minecraft.server.MinecraftServer/]: Mascoli was slain by Dragon
[18Dec2024 01:41:36.659] [Server thread/INFO] [net.minecraft.server.MinecraftServer/]: jonathan1122 has made the advancement [Full Moon in a Pocket]
[18Dec2024 01:42:52.496] [Worker-Main-3/WARN] [net.minecraft.world.level.levelgen.structure.pools.JigsawPlacement/]: Empty or non-existent pool: minecraft:
[18Dec2024 01:42:52.497] [Worker-Main-3/WARN] [net.minecraft.world.level.levelgen.structure.pools.JigsawPlacement/]: Empty or non-existent pool: minecraft:
[18Dec2024 01:48:35.169] [Server thread/INFO] [net.minecraft.server.MinecraftServer/]: 9zcoloskibidi has made the advancement [How long's this been here?]
[18Dec2024 01:48:38.171] [Server thread/INFO] [net.minecraft.server.MinecraftServer/]: 9zcoloskibidi has made the advancement [Magery]
[18Dec2024 01:48:39.120] [Server thread/INFO] [net.minecraft.server.MinecraftServer/]: titu has made the advancement [False Water]
[18Dec2024 01:52:03.334] [Server thread/WARN] [net.minecraft.world.level.entity.PersistentEntitySectionManager/]: UUID of added entity already exists: FallingBlockEntity['Falling Hanging Coconut'/166155, l='ServerLevel[world]', x=8083.50, y=78.00, z=3513.50]
[18Dec2024 01:52:35.785] [Server thread/INFO] [net.minecraft.server.MinecraftServer/]: Mascoli has made the advancement [Packing Up!]
[18Dec2024 01:52:40.368] [Server thread/INFO] [net.minecraft.server.network.ServerGamePacketListenerImpl/]: jonathan1122 lost connection: Disconnected
[18Dec2024 01:52:40.368] [Server thread/INFO] [net.minecraft.server.MinecraftServer/]: jonathan1122 left the game
[18Dec2024 01:55:53.319] [Server thread/INFO] [net.minecraft.server.players.PlayerList/]: jonathan1122[/127.169.8.59:54103] logged in with entity id 168851 at (1481.9549669219286, 1.5625, -1761.1540543033216)
[18Dec2024 01:55:53.339] [Server thread/INFO] [net.minecraft.server.MinecraftServer/]: jonathan1122 joined the game
[18Dec2024 01:55:53.363] [Server thread/INFO] [Jade/]: Syncing config to jonathan1122 (a07659a6-8778-3286-b26a-0e06bd88dc78)
[18Dec2024 01:57:09.342] [Server thread/INFO] [net.minecraft.server.MinecraftServer/]: Mascoli has made the advancement [Hot Stuff]
[18Dec2024 01:58:23.015] [Server thread/INFO] [net.minecraft.server.MinecraftServer/]: jonathan1122 has made the advancement [Too Many Bows]
[18Dec2024 01:59:23.822] [Server thread/INFO] [net.minecraft.server.MinecraftServer/]: titu has made the advancement [Packing Up!]
[18Dec2024 01:59:52.604] [Server thread/INFO] [net.minecraft.server.MinecraftServer/]: jonathan1122 has completed the challenge [Repair Crystal]
[18Dec2024 02:00:41.869] [Server thread/INFO] [net.minecraft.server.MinecraftServer/]: 9zcoloskibidi has made the advancement [False Water]
[18Dec2024 02:01:52.863] [Server thread/INFO] [net.minecraft.server.MinecraftServer/]: 9zcoloskibidi has made the advancement [Tools of the Trade]
[18Dec2024 02:02:12.575] [Server thread/INFO] [net.minecraft.server.MinecraftServer/]: jonathan1122 fell from a high place
[18Dec2024 02:06:47.153] [Server thread/WARN] [net.minecraft.world.level.entity.PersistentEntitySectionManager/]: UUID of added entity already exists: FallingBlockEntity['Falling Hanging Coconut'/183043, l='ServerLevel[world]', x=1852.50, y=78.00, z=-433.50]
[18Dec2024 02:07:01.672] [Server thread/INFO] [net.minecraft.server.MinecraftServer/]: titu has made the advancement [Bigger is better]
[18Dec2024 02:07:54.071] [Server thread/INFO] [net.minecraft.server.MinecraftServer/]: Mascoli has made the advancement [Bigger is better]
[18Dec2024 02:11:05.412] [Server thread/INFO] [net.minecraft.server.MinecraftServer/]: 9zcoloskibidi has made the advancement [Not Today, Thank You]
[18Dec2024 02:11:14.915] [Server thread/INFO] [net.minecraft.server.MinecraftServer/]: 9zcoloskibidi has made the advancement [Take Aim]
[18Dec2024 02:11:26.861] [Server thread/INFO] [net.minecraft.server.MinecraftServer/]: jonathan1122 was shot by Skeleton
[18Dec2024 02:11:43.869] [Server thread/INFO] [net.minecraft.server.network.ServerGamePacketListenerImpl/]: Mascoli lost connection: Disconnected
[18Dec2024 02:11:43.870] [Server thread/INFO] [net.minecraft.server.MinecraftServer/]: Mascoli left the game
[18Dec2024 02:14:19.616] [Server thread/INFO] [net.minecraft.server.MinecraftServer/]: jonathan1122 has made the advancement [Gucci backpack]
[18Dec2024 02:14:32.367] [Server thread/INFO] [net.minecraft.server.players.PlayerList/]: Mascoli[/127.81.157.53:38461] logged in with entity id 191691 at (859.4989294545524, 64.0, 1189.641158634295)
[18Dec2024 02:14:32.372] [Server thread/INFO] [net.minecraft.server.MinecraftServer/]: Mascoli joined the game
[18Dec2024 02:14:32.388] [Server thread/INFO] [Jade/]: Syncing config to Mascoli (3074805c-454a-3bf2-ab94-3c7ca5bad21e)
[18Dec2024 02:14:43.508] [Server thread/INFO] [net.minecraft.server.MinecraftServer/]: 9zcoloskibidi was blown up by Creeper
[18Dec2024 02:14:48.431] [Server thread/INFO] [net.minecraft.server.MinecraftServer/]: [Not Secure] <jonathan1122> broooo
[18Dec2024 02:14:50.875] [Server thread/INFO] [net.minecraft.server.MinecraftServer/]: [Not Secure] <jonathan1122> 0 muertes
[18Dec2024 02:17:12.635] [Server thread/INFO] [net.minecraft.server.MinecraftServer/]: titu has made the advancement [Tools of the Trade]
[18Dec2024 02:17:57.780] [Server thread/INFO] [net.minecraft.server.MinecraftServer/]: titu has reached the goal [Quaint Scribe]
[18Dec2024 02:18:53.116] [Server thread/INFO] [net.minecraft.server.MinecraftServer/]: titu was caught by Archevoker's fangs
[18Dec2024 02:19:39.211] [Server thread/INFO] [net.minecraft.server.MinecraftServer/]: jonathan1122 has made the advancement [A... Fake?]
[18Dec2024 02:20:01.010] [Server thread/INFO] [net.minecraft.server.network.ServerGamePacketListenerImpl/]: Mascoli lost connection: Disconnected
[18Dec2024 02:20:01.010] [Server thread/INFO] [net.minecraft.server.MinecraftServer/]: Mascoli left the game
[18Dec2024 02:20:23.203] [Server thread/INFO] [net.minecraft.server.MinecraftServer/]: titu fell from a high place
[18Dec2024 02:20:27.427] [Server thread/INFO] [net.minecraft.server.players.PlayerList/]: Mascoli[/127.81.157.53:33551] logged in with entity id 198431 at (1000.2815797074562, 75.0, 1164.670386465649)
[18Dec2024 02:20:27.434] [Server thread/INFO] [net.minecraft.server.MinecraftServer/]: Mascoli joined the game
[18Dec2024 02:20:27.452] [Server thread/INFO] [Jade/]: Syncing config to Mascoli (3074805c-454a-3bf2-ab94-3c7ca5bad21e)
[18Dec2024 02:21:00.912] [Server thread/INFO] [net.minecraft.server.MinecraftServer/]: 9zcoloskibidi was shot by Skeleton
[18Dec2024 02:26:08.679] [Server thread/INFO] [net.minecraft.server.MinecraftServer/]: Mascoli was killed by Apothecarist using magic
[18Dec2024 02:26:58.532] [Server thread/WARN] [net.minecraft.server.MinecraftServer/]: Can't keep up! Is the server overloaded? Running 2002ms or 40 ticks behind
[18Dec2024 02:27:02.982] [Server thread/INFO] [net.minecraft.server.MinecraftServer/]: 9zcoloskibidi was slain by Zombie
[18Dec2024 02:27:16.468] [Server thread/INFO] [net.minecraft.server.MinecraftServer/]: [Not Secure] <jonathan1122> chicoooos
[18Dec2024 02:27:16.549] [Server thread/WARN] [net.minecraft.server.MinecraftServer/]: Can't keep up! Is the server overloaded? Running 2019ms or 40 ticks behind
[18Dec2024 02:27:18.834] [Server thread/INFO] [net.minecraft.server.MinecraftServer/]: [Not Secure] <jonathan1122> yo tengo 0 muertes
[18Dec2024 02:27:21.272] [Server thread/INFO] [net.minecraft.server.MinecraftServer/]: [Not Secure] <jonathan1122> que bueno que soooy
[18Dec2024 02:27:21.474] [Server thread/INFO] [net.minecraft.server.MinecraftServer/]: [Not Secure] <9zcoloskibidi> 3
[18Dec2024 02:28:02.952] [Server thread/INFO] [net.minecraft.server.MinecraftServer/]: 9zcoloskibidi was slain by Zombie
[18Dec2024 02:28:06.267] [Server thread/INFO] [net.minecraft.server.MinecraftServer/]: [Not Secure] <jonathan1122> chicoooos
[18Dec2024 02:29:15.518] [Server thread/INFO] [net.minecraft.server.MinecraftServer/]: Mascoli was melted by Apothecarist's poisonous breath
[18Dec2024 02:29:34.056] [Server thread/INFO] [net.minecraft.server.MinecraftServer/]: 9zcoloskibidi was shot by Skeleton
[18Dec2024 02:30:07.417] [Server thread/INFO] [net.minecraft.server.network.ServerGamePacketListenerImpl/]: Mascoli lost connection: Disconnected
[18Dec2024 02:30:07.417] [Server thread/INFO] [net.minecraft.server.MinecraftServer/]: Mascoli left the game
[18Dec2024 02:30:43.161] [Server thread/INFO] [net.minecraft.server.players.PlayerList/]: Mascoli[/127.191.43.122:52789] logged in with entity id 210809 at (1278.0446345087205, 65.0, 1284.5874595036119)
[18Dec2024 02:30:43.166] [Server thread/INFO] [net.minecraft.server.MinecraftServer/]: Mascoli joined the game
[18Dec2024 02:30:43.180] [Server thread/INFO] [Jade/]: Syncing config to Mascoli (3074805c-454a-3bf2-ab94-3c7ca5bad21e)
[18Dec2024 02:31:21.612] [Server thread/INFO] [net.minecraft.world.entity.npc.Villager/]: Villager Villager['Librarian'/210045, l='ServerLevel[world]', x=7779.30, y=56.00, z=3593.62] died, message: 'Librarian was slain by Zombie'
[18Dec2024 02:31:22.953] [Server thread/INFO] [net.minecraft.server.MinecraftServer/]: [jonathan1122: Set display slot list to show objective Muertes]
[18Dec2024 02:31:24.119] [Server thread/INFO] [net.minecraft.server.MinecraftServer/]: 9zcoloskibidi was shot by Skeleton
[18Dec2024 02:31:35.565] [Server thread/INFO] [net.minecraft.server.MinecraftServer/]: [jonathan1122: Set display slot list to show objective Vida]
[18Dec2024 02:32:04.722] [Server thread/INFO] [net.minecraft.server.MinecraftServer/]: [jonathan1122: Set display slot sidebar.team.dark_blue to show objective Muertes]
[18Dec2024 02:34:09.082] [Server thread/WARN] [net.minecraft.world.level.entity.PersistentEntitySectionManager/]: UUID of added entity already exists: FallingBlockEntity['Falling Hanging Coconut'/214096, l='ServerLevel[world]', x=1446.50, y=70.00, z=1042.50]
[18Dec2024 02:34:24.921] [Server thread/INFO] [net.minecraft.server.MinecraftServer/]: 9zcoloskibidi has made the advancement [Amateur Archaeologist]
[18Dec2024 02:35:47.137] [Server thread/WARN] [net.minecraft.world.level.entity.PersistentEntitySectionManager/]: UUID of added entity already exists: FallingBlockEntity['Falling Hanging Coconut'/215258, l='ServerLevel[world]', x=1454.50, y=69.00, z=1074.50]
[18Dec2024 02:35:49.483] [Server thread/WARN] [net.minecraft.world.level.entity.PersistentEntitySectionManager/]: UUID of added entity already exists: FallingBlockEntity['Falling Hanging Coconut'/215309, l='ServerLevel[world]', x=1444.50, y=70.00, z=1042.50]
[18Dec2024 02:36:07.634] [Server thread/WARN] [net.minecraft.world.level.entity.PersistentEntitySectionManager/]: UUID of added entity already exists: FallingBlockEntity['Falling Hanging Coconut'/215677, l='ServerLevel[world]', x=1446.50, y=70.00, z=1041.50]
[18Dec2024 02:36:40.946] [Server thread/INFO] [net.minecraft.server.MinecraftServer/]: [Not Secure] <jonathan1122> t
[18Dec2024 02:36:50.319] [Server thread/INFO] [net.minecraft.server.network.ServerGamePacketListenerImpl/]: Mascoli lost connection: Disconnected
[18Dec2024 02:36:50.320] [Server thread/INFO] [net.minecraft.server.MinecraftServer/]: Mascoli left the game
[18Dec2024 02:37:05.971] [Server thread/WARN] [net.minecraft.server.network.ServerGamePacketListenerImpl/]: jonathan1122 moved wrongly!
[18Dec2024 02:37:19.464] [Server thread/INFO] [net.minecraft.server.players.PlayerList/]: Mascoli[/127.191.43.122:44007] logged in with entity id 216620 at (1430.9600091437694, 67.0, 1021.9115642695486)
[18Dec2024 02:37:19.468] [Server thread/INFO] [net.minecraft.server.MinecraftServer/]: Mascoli joined the game
[18Dec2024 02:37:19.481] [Server thread/INFO] [Jade/]: Syncing config to Mascoli (3074805c-454a-3bf2-ab94-3c7ca5bad21e)
[18Dec2024 02:37:40.613] [Server thread/WARN] [net.minecraft.world.level.entity.PersistentEntitySectionManager/]: UUID of added entity already exists: FallingBlockEntity['Falling Hanging Coconut'/217075, l='ServerLevel[world]', x=1448.50, y=72.00, z=1017.50]
[18Dec2024 02:38:02.882] [Server thread/WARN] [net.minecraft.world.level.entity.PersistentEntitySectionManager/]: UUID of added entity already exists: FallingBlockEntity['Falling Hanging Coconut'/217329, l='ServerLevel[world]', x=1414.50, y=72.00, z=-1921.50]
[18Dec2024 02:38:20.571] [Server thread/INFO] [net.minecraft.server.MinecraftServer/]: titu has made the advancement [Gucci backpack]
[18Dec2024 02:38:34.222] [Server thread/WARN] [net.minecraft.world.level.entity.PersistentEntitySectionManager/]: UUID of added entity already exists: FallingBlockEntity['Falling Hanging Coconut'/217670, l='ServerLevel[world]', x=1445.50, y=70.00, z=1042.50]
[18Dec2024 02:39:29.057] [Server thread/INFO] [net.minecraft.server.players.PlayerList/]: joaco_tomsk[/127.79.179.172:42555] logged in with entity id 218698 at (19.70411915401517, 64.0, -19.12007747161593)
[18Dec2024 02:39:29.068] [Server thread/INFO] [net.minecraft.server.MinecraftServer/]: joaco_tomsk joined the game
[18Dec2024 02:39:29.107] [Server thread/INFO] [Jade/]: Syncing config to joaco_tomsk (a076dc84-50bb-3bf4-832f-299af23013a2)
[18Dec2024 02:39:36.975] [Server thread/WARN] [net.minecraft.server.MinecraftServer/]: Can't keep up! Is the server overloaded? Running 2045ms or 40 ticks behind
[18Dec2024 02:39:39.249] [Server thread/WARN] [net.minecraft.server.network.ServerGamePacketListenerImpl/]: Mascoli moved too quickly! 9.048639753292719,4.661433331115504,0.6600659974805012
[18Dec2024 02:40:05.257] [Server thread/INFO] [net.minecraft.server.MinecraftServer/]: joaco_tomsk was slain by Riding Lizard
[18Dec2024 02:42:51.782] [Server thread/INFO] [net.minecraft.server.MinecraftServer/]: joaco_tomsk has made the advancement [Acquire Hardware]
[18Dec2024 02:42:52.287] [Server thread/INFO] [net.minecraft.server.MinecraftServer/]: joaco_tomsk has made the advancement [Tools of the Trade]
[18Dec2024 02:42:54.069] [Server thread/INFO] [net.minecraft.server.network.ServerGamePacketListenerImpl/]: 9zcoloskibidi lost connection: Disconnected
[18Dec2024 02:42:54.070] [Server thread/INFO] [net.minecraft.server.MinecraftServer/]: 9zcoloskibidi left the game
[18Dec2024 02:43:08.935] [Server thread/WARN] [net.minecraft.server.network.ServerGamePacketListenerImpl/]: Mascoli moved too quickly! 9.087339419539603,2.419538341018125,3.5841652357103158
[18Dec2024 02:43:29.896] [Server thread/WARN] [net.minecraft.server.network.ServerGamePacketListenerImpl/]: Mascoli moved too quickly! 4.791536224232459,4.690259212927373,-7.570917153461778
[18Dec2024 02:44:10.791] [Server thread/WARN] [net.minecraft.server.MinecraftServer/]: Can't keep up! Is the server overloaded? Running 2011ms or 40 ticks behind
[18Dec2024 02:44:28.787] [Server thread/WARN] [net.minecraft.server.MinecraftServer/]: Can't keep up! Is the server overloaded? Running 2257ms or 45 ticks behind
[18Dec2024 02:46:01.924] [Server thread/WARN] [net.minecraft.server.MinecraftServer/]: Can't keep up! Is the server overloaded? Running 2144ms or 42 ticks behind
[18Dec2024 02:46:03.361] [Server thread/INFO] [net.minecraft.server.MinecraftServer/]: joaco_tomsk has made the advancement [Proud Soul]
[18Dec2024 02:46:48.277] [Server thread/INFO] [net.minecraft.server.MinecraftServer/]: Mascoli has made the advancement [Ol' Betsy]
[18Dec2024 02:46:48.611] [Server thread/INFO] [net.minecraft.server.MinecraftServer/]: Mascoli has made the advancement [Take Aim]
[18Dec2024 02:46:53.216] [Server thread/INFO] [net.minecraft.server.MinecraftServer/]: Mascoli has made the advancement [Who's the Pillager Now?]
[18Dec2024 02:47:14.093] [Server thread/INFO] [net.minecraft.server.MinecraftServer/]: Mascoli was slain by Vindicator
[18Dec2024 02:47:19.570] [Server thread/INFO] [net.minecraft.server.MinecraftServer/]: [Not Secure] <joaco_tomsk> bot
[18Dec2024 02:47:38.877] [Server thread/INFO] [net.minecraft.server.MinecraftServer/]: joaco_tomsk has made the advancement [Isn't It Iron Pick]
[18Dec2024 02:47:43.833] [Server thread/INFO] [net.minecraft.server.MinecraftServer/]: titu has made the advancement [Amateur Archaeologist]
[18Dec2024 02:47:46.466] [Server thread/INFO] [net.minecraft.server.MinecraftServer/]: joaco_tomsk has made the advancement [Stone Age]
[18Dec2024 02:49:14.866] [Server thread/INFO] [net.minecraft.world.entity.npc.Villager/]: Villager Villager['Unemployed'/230081, l='ServerLevel[world]', x=2901.86, y=66.00, z=1402.73] died, message: 'Unemployed was shot by Pillager'
[18Dec2024 02:50:31.414] [Server thread/INFO] [net.minecraft.server.MinecraftServer/]: titu has made the advancement [Ol' Betsy]
[18Dec2024 02:50:36.116] [Server thread/INFO] [net.minecraft.server.MinecraftServer/]: titu has made the advancement [Take Aim]
[18Dec2024 02:50:50.826] [Server thread/INFO] [net.minecraft.server.MinecraftServer/]: Mascoli was shot by Skeleton Musketeer
[18Dec2024 02:52:46.999] [Server thread/INFO] [net.minecraft.server.MinecraftServer/]: joaco_tomsk was blown up by Creeper
[18Dec2024 02:52:53.967] [Server thread/INFO] [net.minecraft.server.MinecraftServer/]: [Not Secure] <Mascoli> zzz
[18Dec2024 02:53:17.386] [Server thread/WARN] [net.minecraft.server.network.ServerGamePacketListenerImpl/]: Mascoli moved too quickly! -0.20878928511183403,-9.484106825078086,4.669435107208983
[18Dec2024 02:53:20.838] [Server thread/INFO] [net.minecraft.world.entity.npc.Villager/]: Villager Villager['Weaponsmith'/234185, l='ServerLevel[world]', x=2925.70, y=66.00, z=1413.16] died, message: 'Weaponsmith was shot by Pillager'
[18Dec2024 02:56:29.290] [Server thread/INFO] [net.minecraft.server.MinecraftServer/]: joaco_tomsk has made the advancement [Best Friends Forever]
[18Dec2024 02:56:37.618] [Server thread/INFO] [net.minecraft.server.network.ServerGamePacketListenerImpl/]: joaco_tomsk lost connection: Disconnected
[18Dec2024 02:56:37.618] [Server thread/INFO] [net.minecraft.server.MinecraftServer/]: joaco_tomsk left the game
[18Dec2024 02:57:17.667] [Server thread/INFO] [net.minecraft.server.players.PlayerList/]: joaco_tomsk[/127.79.179.172:37019] logged in with entity id 242156 at (1068.7565175987659, 64.775, -752.254772395912)
[18Dec2024 02:57:17.679] [Server thread/INFO] [net.minecraft.server.MinecraftServer/]: joaco_tomsk joined the game
[18Dec2024 02:57:18.233] [Server thread/INFO] [Jade/]: Syncing config to joaco_tomsk (a076dc84-50bb-3bf4-832f-299af23013a2)
[18Dec2024 02:58:04.964] [Server thread/INFO] [net.minecraft.server.MinecraftServer/]: jonathan1122 was mauled by Necromancer's undead
[18Dec2024 02:58:21.364] [Server thread/WARN] [net.minecraft.server.MinecraftServer/]: Can't keep up! Is the server overloaded? Running 14684ms or 293 ticks behind
[18Dec2024 03:00:24.252] [Server thread/INFO] [net.minecraft.server.MinecraftServer/]: joaco_tomsk was slain by Dragon
[18Dec2024 03:00:44.842] [Server thread/WARN] [net.minecraft.server.network.ServerGamePacketListenerImpl/]: jonathan1122 moved too quickly! 0.7879094041386452,-10.642290303909121,2.1874244288590035
[18Dec2024 03:00:46.215] [Server thread/INFO] [net.minecraft.server.MinecraftServer/]: jonathan1122 was doomed to fall by Spider
[18Dec2024 03:03:46.426] [Server thread/INFO] [net.minecraft.server.MinecraftServer/]: [Not Secure] <joaco_tomsk> 3460 68
[18Dec2024 03:05:25.669] [Server thread/WARN] [net.minecraft.server.level.ServerPlayerGameMode/]: Mismatch in destroy block pos: BlockPos{x=3380, y=64, z=2615} BlockPos{x=3380, y=62, z=2616}
[18Dec2024 03:06:11.246] [Server thread/INFO] [net.minecraft.server.MinecraftServer/]: joaco_tomsk went off with a bang thanks to Archevoker
[18Dec2024 03:07:46.167] [Server thread/INFO] [net.minecraft.server.MinecraftServer/]: [Not Secure] <Mascoli> 1428, 96
[18Dec2024 03:07:57.168] [Server thread/WARN] [net.minecraft.server.level.ServerPlayerGameMode/]: Mismatch in destroy block pos: BlockPos{x=3275, y=64, z=2583} BlockPos{x=3275, y=62, z=2582}
[18Dec2024 03:07:57.242] [Server thread/WARN] [net.minecraft.server.level.ServerPlayerGameMode/]: Mismatch in destroy block pos: BlockPos{x=3275, y=64, z=2583} BlockPos{x=3275, y=62, z=2582}
[18Dec2024 03:08:16.529] [Server thread/WARN] [net.minecraft.server.level.ServerPlayerGameMode/]: Mismatch in destroy block pos: BlockPos{x=3207, y=64, z=2514} BlockPos{x=3207, y=62, z=2513}
[18Dec2024 03:08:47.989] [Server thread/INFO] [net.minecraft.server.MinecraftServer/]: jonathan1122 fell from a high place
[18Dec2024 03:08:57.178] [Server thread/WARN] [net.minecraft.server.network.ServerGamePacketListenerImpl/]: Mascoli moved too quickly! 3.8617234877847295,4.76570327811686,-8.291588257071453
[18Dec2024 03:16:12.462] [Server thread/INFO] [net.minecraft.server.MinecraftServer/]: joaco_tomsk has made the advancement [Sweet Dreams]
[18Dec2024 03:16:19.430] [Server thread/INFO] [net.minecraft.server.MinecraftServer/]: [Not Secure] <joaco_tomsk> titu
[18Dec2024 03:17:22.949] [Server thread/INFO] [net.minecraft.server.MinecraftServer/]: joaco_tomsk has made the advancement [Monster Hunter]
[18Dec2024 03:18:18.212] [Server thread/WARN] [net.minecraft.server.MinecraftServer/]: Can't keep up! Is the server overloaded? Running 2032ms or 40 ticks behind
[18Dec2024 03:18:41.446] [Server thread/WARN] [net.minecraft.server.MinecraftServer/]: Can't keep up! Is the server overloaded? Running 8266ms or 165 ticks behind
[18Dec2024 03:19:19.215] [Server thread/INFO] [net.minecraft.server.MinecraftServer/]: [Not Secure] <jonathan1122> t
[18Dec2024 03:19:27.909] [Server thread/INFO] [net.minecraft.server.MinecraftServer/]: titu was slain by Cave Spider
[18Dec2024 03:20:05.465] [Server thread/INFO] [net.minecraft.server.MinecraftServer/]: Mascoli has made the advancement [Who is Cutting Onions?]
[18Dec2024 03:22:52.474] [Server thread/WARN] [net.minecraft.world.level.entity.PersistentEntitySectionManager/]: UUID of added entity already exists: FallingBlockEntity['Falling Hanging Coconut'/273295, l='ServerLevel[world]', x=1382.50, y=73.00, z=941.50]
[18Dec2024 03:23:09.474] [Server thread/INFO] [net.minecraft.server.MinecraftServer/]: [Not Secure] <joaco_tomsk> 1386
[18Dec2024 03:23:17.382] [Server thread/INFO] [net.minecraft.server.MinecraftServer/]: [Not Secure] <joaco_tomsk> -972
[18Dec2024 03:23:26.637] [Server thread/WARN] [net.minecraft.world.level.entity.PersistentEntitySectionManager/]: UUID of added entity already exists: FallingBlockEntity['Falling Hanging Coconut'/273995, l='ServerLevel[world]', x=1371.50, y=72.00, z=939.50]
[18Dec2024 03:23:27.582] [Server thread/WARN] [net.minecraft.world.level.entity.PersistentEntitySectionManager/]: UUID of added entity already exists: FallingBlockEntity['Falling Hanging Coconut'/274009, l='ServerLevel[world]', x=1455.50, y=69.00, z=1075.50]
[18Dec2024 03:23:54.440] [Server thread/INFO] [net.minecraft.server.MinecraftServer/]: [Not Secure] <joaco_tomsk> 1386 96 -972
[18Dec2024 03:24:42.233] [Server thread/INFO] [net.minecraft.server.MinecraftServer/]: joaco_tomsk went off with a bang thanks to Archevoker
[18Dec2024 03:25:00.392] [Server thread/INFO] [net.minecraft.server.MinecraftServer/]: joaco_tomsk was caught by Archevoker's fangs
[18Dec2024 03:25:13.560] [Server thread/INFO] [net.minecraft.server.MinecraftServer/]: joaco_tomsk was eviscerated by Archevoker's vexes
[18Dec2024 03:25:31.166] [Server thread/INFO] [net.minecraft.server.MinecraftServer/]: joaco_tomsk went off with a bang thanks to Archevoker
[18Dec2024 03:25:44.123] [Server thread/INFO] [net.minecraft.server.MinecraftServer/]: joaco_tomsk was caught by Archevoker's fangs
[18Dec2024 03:25:52.987] [Server thread/INFO] [net.minecraft.server.MinecraftServer/]: joaco_tomsk experienced kinetic energy whilst trying to escape Archevoker
[18Dec2024 03:26:06.224] [Server thread/INFO] [net.minecraft.server.MinecraftServer/]: joaco_tomsk went off with a bang thanks to Archevoker
[18Dec2024 03:26:26.021] [Server thread/INFO] [net.minecraft.server.network.ServerGamePacketListenerImpl/]: jonathan1122 lost connection: Timed out
[18Dec2024 03:26:26.022] [Server thread/INFO] [net.minecraft.server.MinecraftServer/]: jonathan1122 left the game
[18Dec2024 03:26:29.042] [Server thread/INFO] [net.minecraft.server.MinecraftServer/]: joaco_tomsk went off with a bang thanks to Archevoker
[18Dec2024 03:26:42.946] [Server thread/INFO] [net.minecraft.server.MinecraftServer/]: joaco_tomsk was eviscerated by Archevoker's vexes
[18Dec2024 03:26:53.722] [Server thread/INFO] [net.minecraft.server.MinecraftServer/]: joaco_tomsk was eviscerated by Archevoker's vexes
[18Dec2024 03:27:05.243] [Server thread/INFO] [net.minecraft.server.MinecraftServer/]: joaco_tomsk was eviscerated by Archevoker's vexes
[18Dec2024 03:27:28.267] [Server thread/INFO] [net.minecraft.server.players.PlayerList/]: jonathan1122[/127.169.8.59:60127] logged in with entity id 282406 at (1076.9735783845558, 59.81555819288823, -1523.1775043641962)
[18Dec2024 03:27:28.276] [Server thread/INFO] [net.minecraft.server.MinecraftServer/]: jonathan1122 joined the game
[18Dec2024 03:27:28.287] [Server thread/INFO] [Jade/]: Syncing config to jonathan1122 (a07659a6-8778-3286-b26a-0e06bd88dc78)
[18Dec2024 03:28:15.680] [Server thread/INFO] [net.minecraft.server.MinecraftServer/]: joaco_tomsk fell from a high place
[18Dec2024 03:28:50.111] [Server thread/INFO] [net.minecraft.server.MinecraftServer/]: joaco_tomsk was shot by Skeleton
[18Dec2024 03:29:29.732] [Server thread/INFO] [net.minecraft.server.MinecraftServer/]: joaco_tomsk was pierced by Necromancer's icicle
[18Dec2024 03:29:46.067] [Server thread/INFO] [net.minecraft.server.MinecraftServer/]: joaco_tomsk was pierced by Necromancer's icicle
[18Dec2024 03:30:10.843] [Server thread/INFO] [net.minecraft.server.MinecraftServer/]: joaco_tomsk went off with a bang thanks to Archevoker
[18Dec2024 03:30:17.756] [Server thread/INFO] [net.minecraft.server.MinecraftServer/]: Mascoli was shot by Summoned Skeleton
[18Dec2024 03:30:36.672] [Server thread/INFO] [net.minecraft.server.MinecraftServer/]: joaco_tomsk was shot by Summoned Skeleton
[18Dec2024 03:30:54.231] [Server thread/INFO] [net.minecraft.server.MinecraftServer/]: joaco_tomsk went off with a bang thanks to Archevoker
[18Dec2024 03:31:43.646] [Server thread/INFO] [net.minecraft.server.MinecraftServer/]: joaco_tomsk went off with a bang thanks to Archevoker
[18Dec2024 03:32:06.880] [Server thread/INFO] [net.minecraft.server.MinecraftServer/]: joaco_tomsk went off with a bang thanks to Archevoker
[18Dec2024 03:32:16.463] [Server thread/INFO] [net.minecraft.server.MinecraftServer/]: jonathan1122 has made the advancement [Wingin' It]
[18Dec2024 03:33:02.546] [Server thread/INFO] [net.minecraft.server.MinecraftServer/]: joaco_tomsk went off with a bang thanks to Archevoker
[18Dec2024 03:33:19.434] [Server thread/WARN] [net.minecraft.server.network.ServerGamePacketListenerImpl/]: Mascoli moved too quickly! -1.5647511998708978,-9.688113418586028,-2.4499397016845705
[18Dec2024 03:33:48.914] [Server thread/INFO] [net.minecraft.server.MinecraftServer/]: joaco_tomsk was eviscerated by Archevoker's vexes
[18Dec2024 03:34:22.097] [Server thread/INFO] [net.minecraft.server.MinecraftServer/]: joaco_tomsk was eviscerated by Archevoker's vexes
[18Dec2024 03:35:28.455] [Server thread/WARN] [net.minecraft.server.network.ServerGamePacketListenerImpl/]: joaco_tomsk moved too quickly! 2.1230033719700714,-10.26076124583794,0.696901567940813
[18Dec2024 03:36:30.177] [Server thread/WARN] [net.minecraft.world.level.entity.PersistentEntitySectionManager/]: UUID of added entity already exists: FallingBlockEntity['Falling Hanging Coconut'/297405, l='ServerLevel[world]', x=642.50, y=75.00, z=-956.50]
[18Dec2024 03:37:05.933] [Server thread/INFO] [net.minecraft.server.MinecraftServer/]: joaco_tomsk went off with a bang thanks to Archevoker
[18Dec2024 03:37:42.093] [Server thread/INFO] [net.minecraft.server.MinecraftServer/]: joaco_tomsk went off with a bang thanks to Archevoker
[18Dec2024 03:38:12.621] [Server thread/INFO] [net.minecraft.server.MinecraftServer/]: joaco_tomsk went off with a bang thanks to Archevoker
[18Dec2024 03:38:49.141] [Server thread/INFO] [net.minecraft.server.MinecraftServer/]: joaco_tomsk went off with a bang thanks to Archevoker
[18Dec2024 03:39:19.242] [Server thread/WARN] [net.minecraft.server.MinecraftServer/]: Can't keep up! Is the server overloaded? Running 2163ms or 43 ticks behind
[18Dec2024 03:39:23.399] [Server thread/INFO] [net.minecraft.server.MinecraftServer/]: joaco_tomsk went off with a bang thanks to Archevoker
[18Dec2024 03:39:42.112] [Server thread/WARN] [net.minecraft.server.MinecraftServer/]: Can't keep up! Is the server overloaded? Running 2882ms or 57 ticks behind
[18Dec2024 03:39:49.037] [Server thread/INFO] [net.minecraft.server.MinecraftServer/]: [Not Secure] <jonathan1122> t
[18Dec2024 03:39:52.523] [Server thread/INFO] [net.minecraft.server.MinecraftServer/]: joaco_tomsk went off with a bang thanks to Archevoker
[18Dec2024 03:39:53.805] [Server thread/INFO] [net.minecraft.server.MinecraftServer/]: [Not Secure] <Mascoli> twww
[18Dec2024 03:40:02.270] [Server thread/WARN] [net.minecraft.server.MinecraftServer/]: Can't keep up! Is the server overloaded? Running 5190ms or 103 ticks behind
[18Dec2024 03:40:10.347] [Server thread/INFO] [net.minecraft.server.MinecraftServer/]: joaco_tomsk was caught by Archevoker's fangs
[18Dec2024 03:40:17.233] [Server thread/WARN] [net.minecraft.server.level.ServerPlayerGameMode/]: Mismatch in destroy block pos: BlockPos{x=2152, y=64, z=180} BlockPos{x=2152, y=62, z=180}
[18Dec2024 03:40:21.958] [Server thread/WARN] [net.minecraft.server.level.ServerPlayerGameMode/]: Mismatch in destroy block pos: BlockPos{x=2137, y=64, z=194} BlockPos{x=2137, y=62, z=194}
[18Dec2024 03:40:22.909] [Server thread/INFO] [net.minecraft.server.MinecraftServer/]: jonathan1122 has made the advancement [Who is Cutting Onions?]
[18Dec2024 03:40:23.607] [Server thread/INFO] [net.minecraft.server.MinecraftServer/]: joaco_tomsk was caught by Archevoker's fangs
[18Dec2024 03:40:37.170] [Server thread/WARN] [net.minecraft.server.level.ServerPlayerGameMode/]: Mismatch in destroy block pos: BlockPos{x=2130, y=64, z=186} BlockPos{x=2130, y=62, z=185}
[18Dec2024 03:40:57.894] [Server thread/INFO] [net.minecraft.server.MinecraftServer/]: joaco_tomsk was caught by Archevoker's fangs
[18Dec2024 03:41:39.896] [Server thread/INFO] [net.minecraft.server.MinecraftServer/]: joaco_tomsk went off with a bang thanks to Archevoker
[18Dec2024 03:41:55.086] [Server thread/INFO] [net.minecraft.server.MinecraftServer/]: joaco_tomsk went off with a bang thanks to Archevoker
[18Dec2024 03:42:10.099] [Server thread/INFO] [net.minecraft.server.MinecraftServer/]: joaco_tomsk went off with a bang thanks to Archevoker
[18Dec2024 03:42:13.094] [Server thread/INFO] [net.minecraft.server.MinecraftServer/]: titu was swarmed by Firefly Swarm
[18Dec2024 03:42:28.161] [Server thread/INFO] [net.minecraft.server.MinecraftServer/]: joaco_tomsk went off with a bang thanks to Archevoker
[18Dec2024 03:42:38.008] [Server thread/INFO] [net.minecraft.server.MinecraftServer/]: joaco_tomsk went off with a bang thanks to Archevoker
[18Dec2024 03:42:51.253] [Server thread/WARN] [net.minecraft.server.MinecraftServer/]: Can't keep up! Is the server overloaded? Running 2023ms or 40 ticks behind
[18Dec2024 03:42:51.860] [Server thread/INFO] [net.minecraft.server.MinecraftServer/]: joaco_tomsk went off with a bang thanks to Archevoker
[18Dec2024 03:43:04.699] [Server thread/INFO] [net.minecraft.server.MinecraftServer/]: joaco_tomsk went off with a bang thanks to Archevoker
[18Dec2024 03:43:26.447] [Server thread/INFO] [net.minecraft.server.MinecraftServer/]: joaco_tomsk went off with a bang thanks to Archevoker
[18Dec2024 03:43:37.817] [Server thread/INFO] [net.minecraft.server.MinecraftServer/]: joaco_tomsk was caught by Archevoker's fangs
[18Dec2024 03:43:47.531] [Server thread/INFO] [net.minecraft.server.MinecraftServer/]: joaco_tomsk went off with a bang thanks to Archevoker
[18Dec2024 03:44:06.104] [Server thread/INFO] [net.minecraft.server.MinecraftServer/]: joaco_tomsk went off with a bang thanks to Archevoker
[18Dec2024 03:44:16.835] [Server thread/INFO] [net.minecraft.server.MinecraftServer/]: joaco_tomsk was caught by Archevoker's fangs
[18Dec2024 03:44:25.958] [Server thread/INFO] [net.minecraft.server.MinecraftServer/]: joaco_tomsk went off with a bang thanks to Archevoker
[18Dec2024 03:44:29.165] [Server thread/WARN] [net.minecraft.server.network.ServerGamePacketListenerImpl/]: titu moved too quickly! -9.0877806866755,-0.756759288177264,-5.068994988883617
[18Dec2024 03:44:40.156] [Server thread/INFO] [net.minecraft.server.MinecraftServer/]: joaco_tomsk went off with a bang thanks to Archevoker
[18Dec2024 03:44:51.714] [Server thread/INFO] [net.minecraft.server.MinecraftServer/]: joaco_tomsk went off with a bang thanks to Archevoker
[18Dec2024 03:44:59.442] [Server thread/INFO] [net.minecraft.server.MinecraftServer/]: jonathan1122 has made the advancement [We Need to Go Deeper]
[18Dec2024 03:45:00.890] [Server thread/WARN] [net.minecraft.server.network.ServerGamePacketListenerImpl/]: Mascoli moved too quickly! -5.5054000937725505,0.001335979112141672,-8.727176934787622
[18Dec2024 03:45:00.891] [Server thread/WARN] [net.minecraft.server.network.ServerGamePacketListenerImpl/]: joaco_tomsk moved too quickly! 5.539972100314117,0.0,-8.338625728920533
[18Dec2024 03:45:00.913] [Server thread/WARN] [net.minecraft.server.MinecraftServer/]: Can't keep up! Is the server overloaded? Running 4033ms or 80 ticks behind
[18Dec2024 03:45:04.870] [Server thread/INFO] [net.minecraft.server.MinecraftServer/]: titu has made the advancement [Ice Bucket Challenge]
[18Dec2024 03:45:09.087] [Server thread/INFO] [net.minecraft.server.MinecraftServer/]: joaco_tomsk went off with a bang thanks to Archevoker
[18Dec2024 03:45:22.607] [Server thread/INFO] [net.minecraft.server.MinecraftServer/]: joaco_tomsk went off with a bang thanks to Archevoker
[18Dec2024 03:45:32.553] [Server thread/INFO] [net.minecraft.server.MinecraftServer/]: joaco_tomsk went off with a bang thanks to Archevoker
[18Dec2024 03:45:40.907] [Server thread/INFO] [net.minecraft.server.MinecraftServer/]: joaco_tomsk was eviscerated by Archevoker's vexes
[18Dec2024 03:45:49.203] [Server thread/INFO] [net.minecraft.server.MinecraftServer/]: joaco_tomsk was caught by Archevoker's fangs
[18Dec2024 03:46:06.201] [Server thread/INFO] [net.minecraft.server.MinecraftServer/]: joaco_tomsk was eviscerated by Archevoker's vexes
[18Dec2024 03:47:24.903] [Server thread/INFO] [net.minecraft.server.MinecraftServer/]: joaco_tomsk was eviscerated by Archevoker's vexes
[18Dec2024 03:48:31.118] [Server thread/INFO] [net.minecraft.server.network.ServerGamePacketListenerImpl/]: joaco_tomsk lost connection: Disconnected
[18Dec2024 03:48:31.118] [Server thread/INFO] [net.minecraft.server.MinecraftServer/]: joaco_tomsk left the game
[18Dec2024 03:48:57.056] [Server thread/INFO] [net.minecraft.server.MinecraftServer/]: Mascoli fell from a high place
[18Dec2024 03:52:28.167] [Server thread/INFO] [net.minecraft.server.MinecraftServer/]: titu has made the advancement [Too Many Bows]
[18Dec2024 03:52:51.710] [Server thread/INFO] [net.minecraft.server.MinecraftServer/]: Mascoli was shot by Skeleton
[18Dec2024 03:56:16.119] [Server thread/INFO] [net.minecraft.server.MinecraftServer/]: titu has made the advancement [A Seedy Place]
[18Dec2024 04:00:29.017] [Server thread/INFO] [net.minecraft.server.MinecraftServer/]: jonathan1122 has reached the goal [New Age Librarian]
[18Dec2024 04:00:59.082] [Server thread/WARN] [net.minecraft.world.level.entity.PersistentEntitySectionManager/]: UUID of added entity already exists: FallingBlockEntity['Falling Hanging Coconut'/339866, l='ServerLevel[world]', x=2387.50, y=70.00, z=528.50]
[18Dec2024 04:01:51.671] [Server thread/INFO] [net.minecraft.server.MinecraftServer/]: jonathan1122 has made the advancement [Blade Soul Ingot]
[18Dec2024 04:02:23.388] [Server thread/WARN] [net.minecraft.server.network.ServerGamePacketListenerImpl/]: Boat (vehicle of Mascoli) moved wrongly! 0.2676131628553975
[18Dec2024 04:02:23.390] [Server thread/WARN] [net.minecraft.server.network.ServerGamePacketListenerImpl/]: Boat (vehicle of Mascoli) moved wrongly! 0.5197865296817383
[18Dec2024 04:02:23.413] [Server thread/WARN] [net.minecraft.server.network.ServerGamePacketListenerImpl/]: Boat (vehicle of Mascoli) moved wrongly! 0.6977837602523067
[18Dec2024 04:03:08.033] [Server thread/WARN] [net.minecraft.world.level.entity.PersistentEntitySectionManager/]: UUID of added entity already exists: FallingBlockEntity['Falling Hanging Coconut'/342699, l='ServerLevel[world]', x=1868.50, y=73.00, z=-52.50]
[18Dec2024 04:03:11.129] [Server thread/WARN] [net.minecraft.world.level.entity.PersistentEntitySectionManager/]: UUID of added entity already exists: FallingBlockEntity['Falling Hanging Coconut'/342791, l='ServerLevel[world]', x=1851.50, y=74.00, z=-40.50]
[18Dec2024 04:03:29.064] [Server thread/INFO] [net.minecraft.server.MinecraftServer/]: jonathan1122 has made the advancement [Cursed Pyramid]
[18Dec2024 04:05:09.316] [Server thread/INFO] [net.minecraft.server.MinecraftServer/]: titu has made the advancement [Sweet Dreams]
[18Dec2024 04:05:28.462] [Server thread/INFO] [net.minecraft.server.MinecraftServer/]: Mascoli fell from a high place
[18Dec2024 04:10:19.780] [Server thread/INFO] [net.minecraft.server.MinecraftServer/]: jonathan1122 has made the advancement [Anonymity -Bamboo Light-]
[18Dec2024 04:14:21.583] [Server thread/WARN] [net.minecraft.world.level.entity.PersistentEntitySectionManager/]: UUID of added entity already exists: FallingBlockEntity['Falling Hanging Coconut'/355706, l='ServerLevel[world]', x=2606.50, y=78.00, z=748.50]
[18Dec2024 04:15:08.516] [Server thread/INFO] [net.minecraft.server.MinecraftServer/]: [Not Secure] <jonathan1122> flimsy journeyt
[18Dec2024 04:16:24.278] [Server thread/INFO] [net.minecraft.server.MinecraftServer/]: jonathan1122 has made the advancement [Noted -Silver Bamboo Light-]
[18Dec2024 04:16:39.931] [Server thread/WARN] [net.minecraft.world.level.entity.PersistentEntitySectionManager/]: UUID of added entity already exists: FallingBlockEntity['Falling Hanging Coconut'/357525, l='ServerLevel[world]', x=2139.50, y=71.00, z=201.50]
[18Dec2024 04:16:42.232] [Server thread/WARN] [net.minecraft.world.level.entity.PersistentEntitySectionManager/]: UUID of added entity already exists: FallingBlockEntity['Falling Hanging Coconut'/357570, l='ServerLevel[world]', x=2132.50, y=69.00, z=187.50]
[18Dec2024 04:18:12.732] [Server thread/WARN] [net.minecraft.world.level.entity.PersistentEntitySectionManager/]: UUID of added entity already exists: FallingBlockEntity['Falling Hanging Coconut'/359406, l='ServerLevel[world]', x=1960.50, y=70.00, z=-61.50]
[18Dec2024 04:18:48.183] [Server thread/WARN] [net.minecraft.world.level.entity.PersistentEntitySectionManager/]: UUID of added entity already exists: FallingBlockEntity['Falling Hanging Coconut'/360358, l='ServerLevel[world]', x=1728.50, y=73.00, z=-281.50]
[18Dec2024 04:19:53.032] [Server thread/WARN] [net.minecraft.world.level.entity.PersistentEntitySectionManager/]: UUID of added entity already exists: FallingBlockEntity['Falling Hanging Coconut'/361408, l='ServerLevel[world]', x=1687.50, y=73.00, z=-239.50]
[18Dec2024 04:21:23.133] [Server thread/WARN] [net.minecraft.world.level.entity.PersistentEntitySectionManager/]: UUID of added entity already exists: FallingBlockEntity['Falling Hanging Coconut'/363328, l='ServerLevel[world]', x=2133.50, y=69.00, z=185.50]
[18Dec2024 04:23:37.476] [Server thread/WARN] [net.minecraft.server.network.ServerGamePacketListenerImpl/]: Mascoli moved too quickly! -5.057456726842702,4.405404714350013,-7.826482623122615
[18Dec2024 04:23:50.796] [Server thread/WARN] [net.minecraft.world.level.entity.PersistentEntitySectionManager/]: UUID of added entity already exists: FallingBlockEntity['Falling Hanging Coconut'/366527, l='ServerLevel[world]', x=2384.50, y=71.00, z=751.50]
[18Dec2024 04:24:20.714] [Server thread/WARN] [net.minecraft.world.level.entity.PersistentEntitySectionManager/]: UUID of added entity already exists: FallingBlockEntity['Falling Hanging Coconut'/367338, l='ServerLevel[world]', x=2455.50, y=71.00, z=779.50]
[18Dec2024 04:31:38.806] [Server thread/INFO] [net.minecraft.server.MinecraftServer/]: jonathan1122 has made the advancement [Blade Soul Sphere]
[18Dec2024 04:33:31.681] [Server thread/WARN] [net.minecraft.world.level.entity.PersistentEntitySectionManager/]: UUID of added entity already exists: FallingBlockEntity['Falling Hanging Coconut'/375494, l='ServerLevel[world]', x=-105.50, y=73.00, z=771.50]
[18Dec2024 04:34:20.708] [Server thread/INFO] [net.minecraft.server.MinecraftServer/]: jonathan1122 has made the advancement [Blade Soul Crystal]
[18Dec2024 04:36:10.651] [Server thread/INFO] [net.minecraft.world.entity.npc.Villager/]: Villager Villager['Farmer'/376486, l='ServerLevel[world]', x=19.39, y=66.00, z=338.54] died, message: 'Farmer was shot by entity.cataclysm.poison_dart'
[18Dec2024 04:38:15.263] [Server thread/INFO] [net.minecraft.server.MinecraftServer/]: jonathan1122 has made the advancement [Blade Soul Trapezohedron]
[18Dec2024 04:40:42.007] [Server thread/INFO] [net.minecraft.server.MinecraftServer/]: titu has made the advancement [Cursed Pyramid]
[18Dec2024 04:40:46.222] [Server thread/WARN] [net.minecraft.server.network.ServerGamePacketListenerImpl/]: Mascoli moved too quickly! -8.036151952982891,3.8902355516448637,-4.76691490511098
